
2019-05-21 13:10:18 > HISTORICAL DATA UPDATE PROCESS STARTS
-------------------------------------------------------------------------------
Loading required package: RJDBC
Loading required package: methods
Loading required package: DBI
Loading required package: rJava
-------------------------------------------------------------------------------
 2019-05-21 13:10:21 > HISTORICAL DATA UPDATE PROCESS ENDS 


2019-05-21 13:10:57 > MASTER FORECAST PROCESS STARTS
-------------------------------------------------------------------------------
sourcing:  ./R Scripts/Utility Functions/calculateRMSE_MAPE.R 
sourcing:  ./R Scripts/Utility Functions/createHolidayEffectRange.R 
sourcing:  ./R Scripts/Utility Functions/generateHolidayDates_v02262019.R 
Loading required package: RJDBC
Loading required package: methods
Loading required package: DBI
Loading required package: rJava
Loading required package: zoo

Attaching package: ‘zoo’

The following objects are masked from ‘package:base’:

    as.Date, as.Date.numeric

Loading required package: dplyr

Attaching package: ‘dplyr’

The following objects are masked from ‘package:stats’:

    filter, lag

The following objects are masked from ‘package:base’:

    intersect, setdiff, setequal, union

Begin forecasting for Food & Wine Visits 

Warning in file(filename, "r", encoding = encoding) :
  cannot open file './Brand Forecasts/Food & Wine_Visits_Daily_Prophet.R': No such file or directory
Forecasting for Food & Wine Visits was NOT SUCCESSFUL. Details:

Error in file(filename, "r", encoding = encoding): cannot open the connection

End forecasting for Food & Wine 
-------------------------------------------------------------------------------

Begin forecasting for People En Espanol Visits 

Warning in file(filename, "r", encoding = encoding) :
  cannot open file './Brand Forecasts/People En Espanol_Visits_Daily_Prophet.R': No such file or directory
Forecasting for People En Espanol Visits was NOT SUCCESSFUL. Details:

Error in file(filename, "r", encoding = encoding): cannot open the connection

End forecasting for People En Espanol 
-------------------------------------------------------------------------------

Begin forecasting for Allrecipes Visits 

Warning in file(filename, "r", encoding = encoding) :
  cannot open file './Brand Forecasts/Allrecipes_Visits_Daily_Prophet.R': No such file or directory
Forecasting for Allrecipes Visits was NOT SUCCESSFUL. Details:

Error in file(filename, "r", encoding = encoding): cannot open the connection

End forecasting for Allrecipes 
-------------------------------------------------------------------------------

Begin forecasting for Eating Well Visits 

Warning in file(filename, "r", encoding = encoding) :
  cannot open file './Brand Forecasts/Eating Well_Visits_Daily_Prophet.R': No such file or directory
Forecasting for Eating Well Visits was NOT SUCCESSFUL. Details:

Error in file(filename, "r", encoding = encoding): cannot open the connection

End forecasting for Eating Well 
-------------------------------------------------------------------------------

Begin forecasting for Rachael Ray Visits 

Warning in file(filename, "r", encoding = encoding) :
  cannot open file './Brand Forecasts/Rachael Ray_Visits_Daily_Prophet.R': No such file or directory
Forecasting for Rachael Ray Visits was NOT SUCCESSFUL. Details:

Error in file(filename, "r", encoding = encoding): cannot open the connection

End forecasting for Rachael Ray 
-------------------------------------------------------------------------------

Begin forecasting for Traditional Home Visits 

Warning in file(filename, "r", encoding = encoding) :
  cannot open file './Brand Forecasts/Traditional Home_Visits_Daily_Prophet.R': No such file or directory
Forecasting for Traditional Home Visits was NOT SUCCESSFUL. Details:

Error in file(filename, "r", encoding = encoding): cannot open the connection

End forecasting for Traditional Home 
-------------------------------------------------------------------------------

Begin forecasting for Family Circle Visits 

Warning in file(filename, "r", encoding = encoding) :
  cannot open file './Brand Forecasts/Family Circle_Visits_Daily_Prophet.R': No such file or directory
Forecasting for Family Circle Visits was NOT SUCCESSFUL. Details:

Error in file(filename, "r", encoding = encoding): cannot open the connection

End forecasting for Family Circle 
-------------------------------------------------------------------------------

Begin forecasting for Southern Living Visits 

Warning in file(filename, "r", encoding = encoding) :
  cannot open file './Brand Forecasts/Southern Living_Visits_Daily_Prophet.R': No such file or directory
Forecasting for Southern Living Visits was NOT SUCCESSFUL. Details:

Error in file(filename, "r", encoding = encoding): cannot open the connection

End forecasting for Southern Living 
-------------------------------------------------------------------------------

Begin forecasting for All People Quilt Visits 

Warning in file(filename, "r", encoding = encoding) :
  cannot open file './Brand Forecasts/All People Quilt_Visits_Daily_Prophet.R': No such file or directory
Forecasting for All People Quilt Visits was NOT SUCCESSFUL. Details:

Error in file(filename, "r", encoding = encoding): cannot open the connection

End forecasting for All People Quilt 
-------------------------------------------------------------------------------

Begin forecasting for Parents Visits 

Warning in file(filename, "r", encoding = encoding) :
  cannot open file './Brand Forecasts/Parents_Visits_Daily_Prophet.R': No such file or directory
Forecasting for Parents Visits was NOT SUCCESSFUL. Details:

Error in file(filename, "r", encoding = encoding): cannot open the connection

End forecasting for Parents 
-------------------------------------------------------------------------------

Begin forecasting for Martha Stewart Living Visits 

Warning in file(filename, "r", encoding = encoding) :
  cannot open file './Brand Forecasts/Martha Stewart Living_Visits_Daily_Prophet.R': No such file or directory
Forecasting for Martha Stewart Living Visits was NOT SUCCESSFUL. Details:

Error in file(filename, "r", encoding = encoding): cannot open the connection

End forecasting for Martha Stewart Living 
-------------------------------------------------------------------------------

Begin forecasting for Extra Crispy Visits 

Warning in file(filename, "r", encoding = encoding) :
  cannot open file './Brand Forecasts/Extra Crispy_Visits_Daily_Prophet.R': No such file or directory
Forecasting for Extra Crispy Visits was NOT SUCCESSFUL. Details:

Error in file(filename, "r", encoding = encoding): cannot open the connection

End forecasting for Extra Crispy 
-------------------------------------------------------------------------------

Begin forecasting for Real Simple Visits 

Warning in file(filename, "r", encoding = encoding) :
  cannot open file './Brand Forecasts/Real Simple_Visits_Daily_Prophet.R': No such file or directory
Forecasting for Real Simple Visits was NOT SUCCESSFUL. Details:

Error in file(filename, "r", encoding = encoding): cannot open the connection

End forecasting for Real Simple 
-------------------------------------------------------------------------------

Begin forecasting for Midwest Living Visits 

Warning in file(filename, "r", encoding = encoding) :
  cannot open file './Brand Forecasts/Midwest Living_Visits_Daily_Prophet.R': No such file or directory
Forecasting for Midwest Living Visits was NOT SUCCESSFUL. Details:

Error in file(filename, "r", encoding = encoding): cannot open the connection

End forecasting for Midwest Living 
-------------------------------------------------------------------------------

Begin forecasting for InStyle Visits 

Warning in file(filename, "r", encoding = encoding) :
  cannot open file './Brand Forecasts/InStyle_Visits_Daily_Prophet.R': No such file or directory
Forecasting for InStyle Visits was NOT SUCCESSFUL. Details:

Error in file(filename, "r", encoding = encoding): cannot open the connection

End forecasting for InStyle 
-------------------------------------------------------------------------------

Begin forecasting for Travel & Leisure Visits 

Warning in file(filename, "r", encoding = encoding) :
  cannot open file './Brand Forecasts/Travel & Leisure_Visits_Daily_Prophet.R': No such file or directory
Forecasting for Travel & Leisure Visits was NOT SUCCESSFUL. Details:

Error in file(filename, "r", encoding = encoding): cannot open the connection

End forecasting for Travel & Leisure 
-------------------------------------------------------------------------------

Begin forecasting for Cooking Light Visits 

Warning in file(filename, "r", encoding = encoding) :
  cannot open file './Brand Forecasts/Cooking Light_Visits_Daily_Prophet.R': No such file or directory
Forecasting for Cooking Light Visits was NOT SUCCESSFUL. Details:

Error in file(filename, "r", encoding = encoding): cannot open the connection

End forecasting for Cooking Light 
-------------------------------------------------------------------------------

Begin forecasting for More (DC) Visits 

Warning in file(filename, "r", encoding = encoding) :
  cannot open file './Brand Forecasts/More (DC)_Visits_Daily_Prophet.R': No such file or directory
Forecasting for More (DC) Visits was NOT SUCCESSFUL. Details:

Error in file(filename, "r", encoding = encoding): cannot open the connection

End forecasting for More (DC) 
-------------------------------------------------------------------------------

Begin forecasting for Coastal Living Visits 

Warning in file(filename, "r", encoding = encoding) :
  cannot open file './Brand Forecasts/Coastal Living_Visits_Daily_Prophet.R': No such file or directory
Forecasting for Coastal Living Visits was NOT SUCCESSFUL. Details:

Error in file(filename, "r", encoding = encoding): cannot open the connection

End forecasting for Coastal Living 
-------------------------------------------------------------------------------

Begin forecasting for Living the Country Life Visits 

Warning in file(filename, "r", encoding = encoding) :
  cannot open file './Brand Forecasts/Living the Country Life_Visits_Daily_Prophet.R': No such file or directory
Forecasting for Living the Country Life Visits was NOT SUCCESSFUL. Details:

Error in file(filename, "r", encoding = encoding): cannot open the connection

End forecasting for Living the Country Life 
-------------------------------------------------------------------------------

Begin forecasting for MyRecipes Visits 

Warning in file(filename, "r", encoding = encoding) :
  cannot open file './Brand Forecasts/MyRecipes_Visits_Daily_Prophet.R': No such file or directory
Forecasting for MyRecipes Visits was NOT SUCCESSFUL. Details:

Error in file(filename, "r", encoding = encoding): cannot open the connection

End forecasting for MyRecipes 
-------------------------------------------------------------------------------

Begin forecasting for Martha Stewart Weddings Visits 

Warning in file(filename, "r", encoding = encoding) :
  cannot open file './Brand Forecasts/Martha Stewart Weddings_Visits_Daily_Prophet.R': No such file or directory
Forecasting for Martha Stewart Weddings Visits was NOT SUCCESSFUL. Details:

Error in file(filename, "r", encoding = encoding): cannot open the connection

End forecasting for Martha Stewart Weddings 
-------------------------------------------------------------------------------

Begin forecasting for Health Visits 

Warning in file(filename, "r", encoding = encoding) :
  cannot open file './Brand Forecasts/Health_Visits_Daily_Prophet.R': No such file or directory
Forecasting for Health Visits was NOT SUCCESSFUL. Details:

Error in file(filename, "r", encoding = encoding): cannot open the connection

End forecasting for Health 
-------------------------------------------------------------------------------

Begin forecasting for Departures Visits 

Warning in file(filename, "r", encoding = encoding) :
  cannot open file './Brand Forecasts/Departures_Visits_Daily_Prophet.R': No such file or directory
Forecasting for Departures Visits was NOT SUCCESSFUL. Details:

Error in file(filename, "r", encoding = encoding): cannot open the connection

End forecasting for Departures 
-------------------------------------------------------------------------------

Begin forecasting for Dinner Spinner Visits 

Warning in file(filename, "r", encoding = encoding) :
  cannot open file './Brand Forecasts/Dinner Spinner_Visits_Daily_Prophet.R': No such file or directory
Forecasting for Dinner Spinner Visits was NOT SUCCESSFUL. Details:

Error in file(filename, "r", encoding = encoding): cannot open the connection

End forecasting for Dinner Spinner 
-------------------------------------------------------------------------------

Begin forecasting for Better Homes and Garden Visits 

Warning in file(filename, "r", encoding = encoding) :
  cannot open file './Brand Forecasts/Better Homes and Garden_Visits_Daily_Prophet.R': No such file or directory
Forecasting for Better Homes and Garden Visits was NOT SUCCESSFUL. Details:

Error in file(filename, "r", encoding = encoding): cannot open the connection

End forecasting for Better Homes and Garden 
-------------------------------------------------------------------------------

Begin forecasting for Wood Magazine Visits 

Warning in file(filename, "r", encoding = encoding) :
  cannot open file './Brand Forecasts/Wood Magazine_Visits_Daily_Prophet.R': No such file or directory
Forecasting for Wood Magazine Visits was NOT SUCCESSFUL. Details:

Error in file(filename, "r", encoding = encoding): cannot open the connection

End forecasting for Wood Magazine 
-------------------------------------------------------------------------------

Begin forecasting for People Visits 

Warning in file(filename, "r", encoding = encoding) :
  cannot open file './Brand Forecasts/People_Visits_Daily_Prophet.R': No such file or directory
Forecasting for People Visits was NOT SUCCESSFUL. Details:

Error in file(filename, "r", encoding = encoding): cannot open the connection

End forecasting for People 
-------------------------------------------------------------------------------

Begin forecasting for Shape Visits 

Warning in file(filename, "r", encoding = encoding) :
  cannot open file './Brand Forecasts/Shape_Visits_Daily_Prophet.R': No such file or directory
Forecasting for Shape Visits was NOT SUCCESSFUL. Details:

Error in file(filename, "r", encoding = encoding): cannot open the connection

End forecasting for Shape 
-------------------------------------------------------------------------------

Begin forecasting for HelloGiggles Visits 

Warning in file(filename, "r", encoding = encoding) :
  cannot open file './Brand Forecasts/HelloGiggles_Visits_Daily_Prophet.R': No such file or directory
Forecasting for HelloGiggles Visits was NOT SUCCESSFUL. Details:

Error in file(filename, "r", encoding = encoding): cannot open the connection

End forecasting for HelloGiggles 
-------------------------------------------------------------------------------

Begin forecasting for Entertainment Weekly Visits 

Warning in file(filename, "r", encoding = encoding) :
  cannot open file './Brand Forecasts/Entertainment Weekly_Visits_Daily_Prophet.R': No such file or directory
Forecasting for Entertainment Weekly Visits was NOT SUCCESSFUL. Details:

Error in file(filename, "r", encoding = encoding): cannot open the connection

End forecasting for Entertainment Weekly 
-------------------------------------------------------------------------------

Begin forecasting for Parenting Visits 

Warning in file(filename, "r", encoding = encoding) :
  cannot open file './Brand Forecasts/Parenting_Visits_Daily_Prophet.R': No such file or directory
Forecasting for Parenting Visits was NOT SUCCESSFUL. Details:

Error in file(filename, "r", encoding = encoding): cannot open the connection

End forecasting for Parenting 
-------------------------------------------------------------------------------

Error in .verify.JDBC.result(r, "Unable to retrieve JDBC result set for ",  : 
  Unable to retrieve JDBC result set for Insert Into dev.sandbox.dev_staging Values ('NA', 'NA', 'NA', 'NA', 'NA', 'NA') (Date 'NA' is not recognized)

2019-05-21 13:14:56 > MASTER FORECAST PROCESS STARTS
-------------------------------------------------------------------------------
sourcing:  ./R Scripts/Utility Functions/calculateRMSE_MAPE.R 
sourcing:  ./R Scripts/Utility Functions/createHolidayEffectRange.R 
sourcing:  ./R Scripts/Utility Functions/generateHolidayDates_v02262019.R 
Loading required package: RJDBC
Loading required package: methods
Loading required package: DBI
Loading required package: rJava
Loading required package: zoo

Attaching package: ‘zoo’

The following objects are masked from ‘package:base’:

    as.Date, as.Date.numeric

Loading required package: dplyr

Attaching package: ‘dplyr’

The following objects are masked from ‘package:stats’:

    filter, lag

The following objects are masked from ‘package:base’:

    intersect, setdiff, setequal, union

Begin forecasting for Food & Wine Visits 

Disabling daily seasonality. Run prophet with daily.seasonality=TRUE to override this.
End forecasting for Food & Wine 
-------------------------------------------------------------------------------

Begin forecasting for People En Espanol Visits 

Disabling daily seasonality. Run prophet with daily.seasonality=TRUE to override this.
End forecasting for People En Espanol 
-------------------------------------------------------------------------------

Begin forecasting for Allrecipes Visits 

Disabling daily seasonality. Run prophet with daily.seasonality=TRUE to override this.
End forecasting for Allrecipes 
-------------------------------------------------------------------------------

Begin forecasting for Eating Well Visits 

Disabling daily seasonality. Run prophet with daily.seasonality=TRUE to override this.
End forecasting for Eating Well 
-------------------------------------------------------------------------------

Begin forecasting for Rachael Ray Visits 

Disabling yearly seasonality. Run prophet with yearly.seasonality=TRUE to override this.
Disabling daily seasonality. Run prophet with daily.seasonality=TRUE to override this.
End forecasting for Rachael Ray 
-------------------------------------------------------------------------------

Begin forecasting for Traditional Home Visits 

Disabling daily seasonality. Run prophet with daily.seasonality=TRUE to override this.
End forecasting for Traditional Home 
-------------------------------------------------------------------------------

Begin forecasting for Family Circle Visits 

Disabling daily seasonality. Run prophet with daily.seasonality=TRUE to override this.
End forecasting for Family Circle 
-------------------------------------------------------------------------------

Begin forecasting for Southern Living Visits 

Disabling daily seasonality. Run prophet with daily.seasonality=TRUE to override this.
End forecasting for Southern Living 
-------------------------------------------------------------------------------

Begin forecasting for All People Quilt Visits 

Disabling daily seasonality. Run prophet with daily.seasonality=TRUE to override this.
End forecasting for All People Quilt 
-------------------------------------------------------------------------------

Begin forecasting for Parents Visits 

Disabling daily seasonality. Run prophet with daily.seasonality=TRUE to override this.
End forecasting for Parents 
-------------------------------------------------------------------------------

Begin forecasting for Martha Stewart Living Visits 

Disabling daily seasonality. Run prophet with daily.seasonality=TRUE to override this.
End forecasting for Martha Stewart Living 
-------------------------------------------------------------------------------

Begin forecasting for Extra Crispy Visits 

Forecasting for Extra Crispy Visits was NOT SUCCESSFUL. Details:

Error in `[<-.data.frame`(`*tmp*`, train.raw$y < 4000, "y", value = NA): missing values are not allowed in subscripted assignments of data frames

End forecasting for Extra Crispy 
-------------------------------------------------------------------------------

Begin forecasting for Real Simple Visits 

Disabling daily seasonality. Run prophet with daily.seasonality=TRUE to override this.
End forecasting for Real Simple 
-------------------------------------------------------------------------------

Begin forecasting for Midwest Living Visits 

Disabling daily seasonality. Run prophet with daily.seasonality=TRUE to override this.
End forecasting for Midwest Living 
-------------------------------------------------------------------------------

Begin forecasting for InStyle Visits 

Disabling daily seasonality. Run prophet with daily.seasonality=TRUE to override this.
End forecasting for InStyle 
-------------------------------------------------------------------------------

Begin forecasting for Travel & Leisure Visits 

Disabling daily seasonality. Run prophet with daily.seasonality=TRUE to override this.
Warning in .local(object, ...) : non-zero return code in optimizing
End forecasting for Travel & Leisure 
-------------------------------------------------------------------------------

Begin forecasting for Cooking Light Visits 

Disabling daily seasonality. Run prophet with daily.seasonality=TRUE to override this.
End forecasting for Cooking Light 
-------------------------------------------------------------------------------

Begin forecasting for More (DC) Visits 

Disabling daily seasonality. Run prophet with daily.seasonality=TRUE to override this.
End forecasting for More (DC) 
-------------------------------------------------------------------------------

Begin forecasting for Coastal Living Visits 

Disabling daily seasonality. Run prophet with daily.seasonality=TRUE to override this.
End forecasting for Coastal Living 
-------------------------------------------------------------------------------

Begin forecasting for Living the Country Life Visits 

Disabling daily seasonality. Run prophet with daily.seasonality=TRUE to override this.
End forecasting for Living the Country Life 
-------------------------------------------------------------------------------

Begin forecasting for MyRecipes Visits 

Disabling daily seasonality. Run prophet with daily.seasonality=TRUE to override this.
End forecasting for MyRecipes 
-------------------------------------------------------------------------------

Begin forecasting for Martha Stewart Weddings Visits 

Disabling daily seasonality. Run prophet with daily.seasonality=TRUE to override this.
End forecasting for Martha Stewart Weddings 
-------------------------------------------------------------------------------

Begin forecasting for Health Visits 

Disabling daily seasonality. Run prophet with daily.seasonality=TRUE to override this.
End forecasting for Health 
-------------------------------------------------------------------------------

Begin forecasting for Departures Visits 

Disabling yearly seasonality. Run prophet with yearly.seasonality=TRUE to override this.
Disabling daily seasonality. Run prophet with daily.seasonality=TRUE to override this.
End forecasting for Departures 
-------------------------------------------------------------------------------

Begin forecasting for Dinner Spinner Visits 

Disabling daily seasonality. Run prophet with daily.seasonality=TRUE to override this.
End forecasting for Dinner Spinner 
-------------------------------------------------------------------------------

Begin forecasting for Better Homes and Garden Visits 

Disabling daily seasonality. Run prophet with daily.seasonality=TRUE to override this.
End forecasting for Better Homes and Garden 
-------------------------------------------------------------------------------

Begin forecasting for Wood Magazine Visits 

Disabling daily seasonality. Run prophet with daily.seasonality=TRUE to override this.
End forecasting for Wood Magazine 
-------------------------------------------------------------------------------

Begin forecasting for People Visits 

Disabling daily seasonality. Run prophet with daily.seasonality=TRUE to override this.
End forecasting for People 
-------------------------------------------------------------------------------

Begin forecasting for Shape Visits 

Disabling daily seasonality. Run prophet with daily.seasonality=TRUE to override this.
End forecasting for Shape 
-------------------------------------------------------------------------------

Begin forecasting for HelloGiggles Visits 

Disabling daily seasonality. Run prophet with daily.seasonality=TRUE to override this.
End forecasting for HelloGiggles 
-------------------------------------------------------------------------------

Begin forecasting for Entertainment Weekly Visits 

Disabling daily seasonality. Run prophet with daily.seasonality=TRUE to override this.
End forecasting for Entertainment Weekly 
-------------------------------------------------------------------------------

Begin forecasting for Parenting Visits 

Disabling daily seasonality. Run prophet with daily.seasonality=TRUE to override this.
End forecasting for Parenting 
-------------------------------------------------------------------------------

Error in .verify.JDBC.result(r, "Unable to retrieve JDBC result set for ",  : 
  Unable to retrieve JDBC result set for 
                    Merge Into dev.sandbox.dev_forecasting_data d Using dev.sandbox.dev_staging s
                    On d.last_date_actual = s.last_date_actual
                    and d.vertical = s.vertical
                    and d.brand = s.brand
                    and d.activity_date = s.activity_date
                    When matched then update set pred = s.pred
                    When not matched Then Insert Values (s.last_date_actual, s.vertical, s.brand, s.activity_date, s.metric, s.pred)
                     (SQL compilation error:
Object 'DEV.SANDBOX.DEV_FORECASTING_DATA' does not exist.)
