
2019-05-31 00:00:02 > HISTORICAL DATA UPDATE PROCESS STARTS
-------------------------------------------------------------------------------
Loading required package: RJDBC
Loading required package: methods
Loading required package: DBI
Loading required package: rJava
-------------------------------------------------------------------------------
 2019-05-31 00:00:12 > HISTORICAL DATA UPDATE PROCESS ENDS 


2019-05-31 00:00:12 > MASTER FORECAST PROCESS STARTS
-------------------------------------------------------------------------------
sourcing:  ./R Scripts/Utility Functions/calculateRMSE_MAPE.R 
sourcing:  ./R Scripts/Utility Functions/createHolidayEffectRange.R 
sourcing:  ./R Scripts/Utility Functions/generateHolidayDates_v02262019.R 
Loading required package: RJDBC
Loading required package: methods
Loading required package: DBI
Loading required package: rJava
Loading required package: zoo

Attaching package: ‘zoo’

The following objects are masked from ‘package:base’:

    as.Date, as.Date.numeric

Loading required package: dplyr

Attaching package: ‘dplyr’

The following objects are masked from ‘package:stats’:

    filter, lag

The following objects are masked from ‘package:base’:

    intersect, setdiff, setequal, union

Begin forecasting for Wood Magazine Visits 

Disabling daily seasonality. Run prophet with daily.seasonality=TRUE to override this.
End forecasting for Wood Magazine 
-------------------------------------------------------------------------------

Begin forecasting for People Visits 

Disabling daily seasonality. Run prophet with daily.seasonality=TRUE to override this.
End forecasting for People 
-------------------------------------------------------------------------------

Begin forecasting for InStyle Visits 

Disabling daily seasonality. Run prophet with daily.seasonality=TRUE to override this.
End forecasting for InStyle 
-------------------------------------------------------------------------------

Begin forecasting for More (DC) Visits 

Disabling daily seasonality. Run prophet with daily.seasonality=TRUE to override this.
End forecasting for More (DC) 
-------------------------------------------------------------------------------

Begin forecasting for Dinner Spinner Visits 

Disabling daily seasonality. Run prophet with daily.seasonality=TRUE to override this.
End forecasting for Dinner Spinner 
-------------------------------------------------------------------------------

Begin forecasting for Allrecipes Visits 

Disabling daily seasonality. Run prophet with daily.seasonality=TRUE to override this.
End forecasting for Allrecipes 
-------------------------------------------------------------------------------

Begin forecasting for Shape Visits 

Disabling daily seasonality. Run prophet with daily.seasonality=TRUE to override this.
End forecasting for Shape 
-------------------------------------------------------------------------------

Begin forecasting for Martha Stewart Living Visits 

Disabling daily seasonality. Run prophet with daily.seasonality=TRUE to override this.
End forecasting for Martha Stewart Living 
-------------------------------------------------------------------------------

Begin forecasting for Parents Visits 

Disabling daily seasonality. Run prophet with daily.seasonality=TRUE to override this.
End forecasting for Parents 
-------------------------------------------------------------------------------

Begin forecasting for All People Quilt Visits 

Disabling daily seasonality. Run prophet with daily.seasonality=TRUE to override this.
End forecasting for All People Quilt 
-------------------------------------------------------------------------------

Begin forecasting for People En Espanol Visits 

Disabling daily seasonality. Run prophet with daily.seasonality=TRUE to override this.
End forecasting for People En Espanol 
-------------------------------------------------------------------------------

Begin forecasting for Coastal Living Visits 

Disabling daily seasonality. Run prophet with daily.seasonality=TRUE to override this.
End forecasting for Coastal Living 
-------------------------------------------------------------------------------

Begin forecasting for HelloGiggles Visits 

Disabling daily seasonality. Run prophet with daily.seasonality=TRUE to override this.
End forecasting for HelloGiggles 
-------------------------------------------------------------------------------

Begin forecasting for Martha Stewart Weddings Visits 

Disabling daily seasonality. Run prophet with daily.seasonality=TRUE to override this.
End forecasting for Martha Stewart Weddings 
-------------------------------------------------------------------------------

Begin forecasting for Departures Visits 

Disabling yearly seasonality. Run prophet with yearly.seasonality=TRUE to override this.
Disabling daily seasonality. Run prophet with daily.seasonality=TRUE to override this.
End forecasting for Departures 
-------------------------------------------------------------------------------

Begin forecasting for Traditional Home Visits 

Disabling daily seasonality. Run prophet with daily.seasonality=TRUE to override this.
End forecasting for Traditional Home 
-------------------------------------------------------------------------------

Begin forecasting for Health Visits 

Disabling daily seasonality. Run prophet with daily.seasonality=TRUE to override this.
End forecasting for Health 
-------------------------------------------------------------------------------

Begin forecasting for Cooking Light Visits 

Disabling daily seasonality. Run prophet with daily.seasonality=TRUE to override this.
End forecasting for Cooking Light 
-------------------------------------------------------------------------------

Begin forecasting for Parenting Visits 

Disabling daily seasonality. Run prophet with daily.seasonality=TRUE to override this.
End forecasting for Parenting 
-------------------------------------------------------------------------------

Begin forecasting for Living the Country Life Visits 

Disabling daily seasonality. Run prophet with daily.seasonality=TRUE to override this.
End forecasting for Living the Country Life 
-------------------------------------------------------------------------------

Begin forecasting for Midwest Living Visits 

Disabling daily seasonality. Run prophet with daily.seasonality=TRUE to override this.
End forecasting for Midwest Living 
-------------------------------------------------------------------------------

Begin forecasting for Family Circle Visits 

Disabling daily seasonality. Run prophet with daily.seasonality=TRUE to override this.
End forecasting for Family Circle 
-------------------------------------------------------------------------------

Begin forecasting for MyRecipes Visits 

Disabling daily seasonality. Run prophet with daily.seasonality=TRUE to override this.
End forecasting for MyRecipes 
-------------------------------------------------------------------------------

Begin forecasting for Southern Living Visits 

Disabling daily seasonality. Run prophet with daily.seasonality=TRUE to override this.
End forecasting for Southern Living 
-------------------------------------------------------------------------------

Begin forecasting for Eating Well Visits 

Disabling daily seasonality. Run prophet with daily.seasonality=TRUE to override this.
End forecasting for Eating Well 
-------------------------------------------------------------------------------

Begin forecasting for Travel & Leisure Visits 

Disabling daily seasonality. Run prophet with daily.seasonality=TRUE to override this.
End forecasting for Travel & Leisure 
-------------------------------------------------------------------------------

Begin forecasting for Real Simple Visits 

Disabling daily seasonality. Run prophet with daily.seasonality=TRUE to override this.
End forecasting for Real Simple 
-------------------------------------------------------------------------------

Begin forecasting for Extra Crispy Visits 

Forecasting for Extra Crispy Visits was NOT SUCCESSFUL. Details:

Error in `[<-.data.frame`(`*tmp*`, train.raw$y < 4000, "y", value = NA): missing values are not allowed in subscripted assignments of data frames

End forecasting for Extra Crispy 
-------------------------------------------------------------------------------

Begin forecasting for Better Homes and Garden Visits 

Disabling daily seasonality. Run prophet with daily.seasonality=TRUE to override this.
End forecasting for Better Homes and Garden 
-------------------------------------------------------------------------------

Begin forecasting for Food & Wine Visits 

Disabling daily seasonality. Run prophet with daily.seasonality=TRUE to override this.
End forecasting for Food & Wine 
-------------------------------------------------------------------------------

Begin forecasting for Rachael Ray Visits 

Disabling yearly seasonality. Run prophet with yearly.seasonality=TRUE to override this.
Disabling daily seasonality. Run prophet with daily.seasonality=TRUE to override this.
End forecasting for Rachael Ray 
-------------------------------------------------------------------------------

Begin forecasting for Entertainment Weekly Visits 

Disabling daily seasonality. Run prophet with daily.seasonality=TRUE to override this.
End forecasting for Entertainment Weekly 
-------------------------------------------------------------------------------

-------------------------------------------------------------------------------
 2019-05-31 00:04:37 > MASTER FORECAST PROCESS ENDS 


2019-05-31 14:22:26 > HISTORICAL DATA UPDATE PROCESS STARTS
-------------------------------------------------------------------------------
Loading required package: RJDBC
Loading required package: methods
Loading required package: DBI
Loading required package: rJava
-------------------------------------------------------------------------------
 2019-05-31 14:22:41 > HISTORICAL DATA UPDATE PROCESS ENDS 


2019-05-31 14:22:41 > MASTER FORECAST PROCESS STARTS
-------------------------------------------------------------------------------
sourcing:  ./R Scripts/Utility Functions/calculateRMSE_MAPE.R 
sourcing:  ./R Scripts/Utility Functions/createHolidayEffectRange.R 
sourcing:  ./R Scripts/Utility Functions/generateHolidayDates_v02262019.R 
Loading required package: RJDBC
Loading required package: methods
Loading required package: DBI
Loading required package: rJava
Loading required package: zoo

Attaching package: ‘zoo’

The following objects are masked from ‘package:base’:

    as.Date, as.Date.numeric

Loading required package: dplyr

Attaching package: ‘dplyr’

The following objects are masked from ‘package:stats’:

    filter, lag

The following objects are masked from ‘package:base’:

    intersect, setdiff, setequal, union

Begin forecasting for People En Espanol Visits 

Disabling daily seasonality. Run prophet with daily.seasonality=TRUE to override this.
End forecasting for People En Espanol 
-------------------------------------------------------------------------------

Begin forecasting for Extra Crispy Visits 

Warning in View(brand_data) : unable to open display
Forecasting for Extra Crispy Visits was NOT SUCCESSFUL. Details:

Error in .External2(C_dataviewer, x, title): unable to start data viewer

End forecasting for Extra Crispy 
-------------------------------------------------------------------------------

Begin forecasting for Family Circle Visits 

Disabling daily seasonality. Run prophet with daily.seasonality=TRUE to override this.
End forecasting for Family Circle 
-------------------------------------------------------------------------------

Begin forecasting for Food & Wine Visits 

Disabling daily seasonality. Run prophet with daily.seasonality=TRUE to override this.
End forecasting for Food & Wine 
-------------------------------------------------------------------------------

Begin forecasting for Health Visits 

Disabling daily seasonality. Run prophet with daily.seasonality=TRUE to override this.
End forecasting for Health 
-------------------------------------------------------------------------------

Begin forecasting for People Visits 

Disabling daily seasonality. Run prophet with daily.seasonality=TRUE to override this.
End forecasting for People 
-------------------------------------------------------------------------------

Begin forecasting for Coastal Living Visits 

Disabling daily seasonality. Run prophet with daily.seasonality=TRUE to override this.
End forecasting for Coastal Living 
-------------------------------------------------------------------------------

Begin forecasting for Rachael Ray Visits 

Disabling yearly seasonality. Run prophet with yearly.seasonality=TRUE to override this.
Disabling daily seasonality. Run prophet with daily.seasonality=TRUE to override this.
End forecasting for Rachael Ray 
-------------------------------------------------------------------------------

Begin forecasting for Parenting Visits 

Disabling daily seasonality. Run prophet with daily.seasonality=TRUE to override this.
End forecasting for Parenting 
-------------------------------------------------------------------------------

Begin forecasting for Parents Visits 

Disabling daily seasonality. Run prophet with daily.seasonality=TRUE to override this.
End forecasting for Parents 
-------------------------------------------------------------------------------

Begin forecasting for Midwest Living Visits 

Disabling daily seasonality. Run prophet with daily.seasonality=TRUE to override this.
End forecasting for Midwest Living 
-------------------------------------------------------------------------------

Begin forecasting for Southern Living Visits 

Disabling daily seasonality. Run prophet with daily.seasonality=TRUE to override this.
End forecasting for Southern Living 
-------------------------------------------------------------------------------

Begin forecasting for All People Quilt Visits 

Disabling daily seasonality. Run prophet with daily.seasonality=TRUE to override this.
End forecasting for All People Quilt 
-------------------------------------------------------------------------------

Begin forecasting for Martha Stewart Living Visits 

Disabling daily seasonality. Run prophet with daily.seasonality=TRUE to override this.
End forecasting for Martha Stewart Living 
-------------------------------------------------------------------------------

Begin forecasting for Real Simple Visits 

Disabling daily seasonality. Run prophet with daily.seasonality=TRUE to override this.
End forecasting for Real Simple 
-------------------------------------------------------------------------------

Begin forecasting for InStyle Visits 

Disabling daily seasonality. Run prophet with daily.seasonality=TRUE to override this.
End forecasting for InStyle 
-------------------------------------------------------------------------------

Begin forecasting for Travel & Leisure Visits 

Disabling daily seasonality. Run prophet with daily.seasonality=TRUE to override this.
End forecasting for Travel & Leisure 
-------------------------------------------------------------------------------

Begin forecasting for Traditional Home Visits 

Disabling daily seasonality. Run prophet with daily.seasonality=TRUE to override this.
End forecasting for Traditional Home 
-------------------------------------------------------------------------------

Begin forecasting for Cooking Light Visits 

Disabling daily seasonality. Run prophet with daily.seasonality=TRUE to override this.
End forecasting for Cooking Light 
-------------------------------------------------------------------------------

Begin forecasting for More (DC) Visits 

Disabling daily seasonality. Run prophet with daily.seasonality=TRUE to override this.
End forecasting for More (DC) 
-------------------------------------------------------------------------------

Begin forecasting for Living the Country Life Visits 

Disabling daily seasonality. Run prophet with daily.seasonality=TRUE to override this.
End forecasting for Living the Country Life 
-------------------------------------------------------------------------------

Begin forecasting for MyRecipes Visits 

Disabling daily seasonality. Run prophet with daily.seasonality=TRUE to override this.
End forecasting for MyRecipes 
-------------------------------------------------------------------------------

Begin forecasting for Martha Stewart Weddings Visits 

Disabling daily seasonality. Run prophet with daily.seasonality=TRUE to override this.
End forecasting for Martha Stewart Weddings 
-------------------------------------------------------------------------------

Begin forecasting for Better Homes and Garden Visits 

Disabling daily seasonality. Run prophet with daily.seasonality=TRUE to override this.
End forecasting for Better Homes and Garden 
-------------------------------------------------------------------------------

Begin forecasting for Shape Visits 

Disabling daily seasonality. Run prophet with daily.seasonality=TRUE to override this.
End forecasting for Shape 
-------------------------------------------------------------------------------

Begin forecasting for Wood Magazine Visits 

Disabling daily seasonality. Run prophet with daily.seasonality=TRUE to override this.
End forecasting for Wood Magazine 
-------------------------------------------------------------------------------

Begin forecasting for Entertainment Weekly Visits 

Disabling daily seasonality. Run prophet with daily.seasonality=TRUE to override this.
End forecasting for Entertainment Weekly 
-------------------------------------------------------------------------------

Begin forecasting for Eating Well Visits 

Disabling daily seasonality. Run prophet with daily.seasonality=TRUE to override this.
End forecasting for Eating Well 
-------------------------------------------------------------------------------

Begin forecasting for Departures Visits 

Disabling yearly seasonality. Run prophet with yearly.seasonality=TRUE to override this.
Disabling daily seasonality. Run prophet with daily.seasonality=TRUE to override this.
End forecasting for Departures 
-------------------------------------------------------------------------------

Begin forecasting for Dinner Spinner Visits 

Disabling daily seasonality. Run prophet with daily.seasonality=TRUE to override this.
End forecasting for Dinner Spinner 
-------------------------------------------------------------------------------

Begin forecasting for Allrecipes Visits 

Disabling daily seasonality. Run prophet with daily.seasonality=TRUE to override this.
End forecasting for Allrecipes 
-------------------------------------------------------------------------------

Begin forecasting for HelloGiggles Visits 

Disabling daily seasonality. Run prophet with daily.seasonality=TRUE to override this.
End forecasting for HelloGiggles 
-------------------------------------------------------------------------------

-------------------------------------------------------------------------------
 2019-05-31 14:27:32 > MASTER FORECAST PROCESS ENDS 


2019-05-31 14:47:20 > HISTORICAL DATA UPDATE PROCESS STARTS
-------------------------------------------------------------------------------
Loading required package: RJDBC
Loading required package: methods
Loading required package: DBI
Loading required package: rJava
-------------------------------------------------------------------------------
 2019-05-31 14:47:25 > HISTORICAL DATA UPDATE PROCESS ENDS 


2019-05-31 14:47:26 > MASTER FORECAST PROCESS STARTS
-------------------------------------------------------------------------------
sourcing:  ./R Scripts/Utility Functions/calculateRMSE_MAPE.R 
sourcing:  ./R Scripts/Utility Functions/createHolidayEffectRange.R 
sourcing:  ./R Scripts/Utility Functions/generateHolidayDates_v02262019.R 
Loading required package: RJDBC
Loading required package: methods
Loading required package: DBI
Loading required package: rJava
Loading required package: zoo

Attaching package: ‘zoo’

The following objects are masked from ‘package:base’:

    as.Date, as.Date.numeric

Loading required package: dplyr

Attaching package: ‘dplyr’

The following objects are masked from ‘package:stats’:

    filter, lag

The following objects are masked from ‘package:base’:

    intersect, setdiff, setequal, union

Begin forecasting for Travel & Leisure Visits 

Disabling daily seasonality. Run prophet with daily.seasonality=TRUE to override this.
End forecasting for Travel & Leisure 
-------------------------------------------------------------------------------

Begin forecasting for Parents Visits 

Disabling daily seasonality. Run prophet with daily.seasonality=TRUE to override this.
End forecasting for Parents 
-------------------------------------------------------------------------------

Begin forecasting for Martha Stewart Living Visits 

Disabling daily seasonality. Run prophet with daily.seasonality=TRUE to override this.
End forecasting for Martha Stewart Living 
-------------------------------------------------------------------------------

Begin forecasting for Martha Stewart Weddings Visits 

Disabling daily seasonality. Run prophet with daily.seasonality=TRUE to override this.
End forecasting for Martha Stewart Weddings 
-------------------------------------------------------------------------------

Begin forecasting for Cooking Light Visits 

Disabling daily seasonality. Run prophet with daily.seasonality=TRUE to override this.
End forecasting for Cooking Light 
-------------------------------------------------------------------------------

Begin forecasting for Health Visits 

Disabling daily seasonality. Run prophet with daily.seasonality=TRUE to override this.
End forecasting for Health 
-------------------------------------------------------------------------------

Begin forecasting for Living the Country Life Visits 

Disabling daily seasonality. Run prophet with daily.seasonality=TRUE to override this.
End forecasting for Living the Country Life 
-------------------------------------------------------------------------------

Begin forecasting for Coastal Living Visits 

Disabling daily seasonality. Run prophet with daily.seasonality=TRUE to override this.
End forecasting for Coastal Living 
-------------------------------------------------------------------------------

Begin forecasting for People Visits 

Disabling daily seasonality. Run prophet with daily.seasonality=TRUE to override this.
End forecasting for People 
-------------------------------------------------------------------------------

Begin forecasting for Eating Well Visits 

Disabling daily seasonality. Run prophet with daily.seasonality=TRUE to override this.
End forecasting for Eating Well 
-------------------------------------------------------------------------------

Begin forecasting for Family Circle Visits 

Disabling daily seasonality. Run prophet with daily.seasonality=TRUE to override this.
End forecasting for Family Circle 
-------------------------------------------------------------------------------

Begin forecasting for InStyle Visits 

Disabling daily seasonality. Run prophet with daily.seasonality=TRUE to override this.
End forecasting for InStyle 
-------------------------------------------------------------------------------

Begin forecasting for Allrecipes Visits 

Disabling daily seasonality. Run prophet with daily.seasonality=TRUE to override this.
End forecasting for Allrecipes 
-------------------------------------------------------------------------------

Begin forecasting for More (DC) Visits 

Disabling daily seasonality. Run prophet with daily.seasonality=TRUE to override this.
End forecasting for More (DC) 
-------------------------------------------------------------------------------

Begin forecasting for People En Espanol Visits 

Disabling daily seasonality. Run prophet with daily.seasonality=TRUE to override this.
End forecasting for People En Espanol 
-------------------------------------------------------------------------------

Begin forecasting for Parenting Visits 

Disabling daily seasonality. Run prophet with daily.seasonality=TRUE to override this.
End forecasting for Parenting 
-------------------------------------------------------------------------------

Begin forecasting for MyRecipes Visits 

Disabling daily seasonality. Run prophet with daily.seasonality=TRUE to override this.
End forecasting for MyRecipes 
-------------------------------------------------------------------------------

Begin forecasting for Wood Magazine Visits 

Disabling daily seasonality. Run prophet with daily.seasonality=TRUE to override this.
End forecasting for Wood Magazine 
-------------------------------------------------------------------------------

Begin forecasting for Entertainment Weekly Visits 

Disabling daily seasonality. Run prophet with daily.seasonality=TRUE to override this.
End forecasting for Entertainment Weekly 
-------------------------------------------------------------------------------

Begin forecasting for HelloGiggles Visits 

Disabling daily seasonality. Run prophet with daily.seasonality=TRUE to override this.
End forecasting for HelloGiggles 
-------------------------------------------------------------------------------

Begin forecasting for Better Homes and Garden Visits 

Disabling daily seasonality. Run prophet with daily.seasonality=TRUE to override this.
End forecasting for Better Homes and Garden 
-------------------------------------------------------------------------------

Begin forecasting for Departures Visits 

Disabling yearly seasonality. Run prophet with yearly.seasonality=TRUE to override this.
Disabling daily seasonality. Run prophet with daily.seasonality=TRUE to override this.
End forecasting for Departures 
-------------------------------------------------------------------------------

Begin forecasting for Dinner Spinner Visits 

Disabling daily seasonality. Run prophet with daily.seasonality=TRUE to override this.
End forecasting for Dinner Spinner 
-------------------------------------------------------------------------------

Begin forecasting for All People Quilt Visits 

Disabling daily seasonality. Run prophet with daily.seasonality=TRUE to override this.
End forecasting for All People Quilt 
-------------------------------------------------------------------------------

Begin forecasting for Food & Wine Visits 

Disabling daily seasonality. Run prophet with daily.seasonality=TRUE to override this.
End forecasting for Food & Wine 
-------------------------------------------------------------------------------

Begin forecasting for Extra Crispy Visits 

Disabling yearly seasonality. Run prophet with yearly.seasonality=TRUE to override this.
Disabling daily seasonality. Run prophet with daily.seasonality=TRUE to override this.
End forecasting for Extra Crispy 
-------------------------------------------------------------------------------

Begin forecasting for Midwest Living Visits 

Disabling daily seasonality. Run prophet with daily.seasonality=TRUE to override this.
End forecasting for Midwest Living 
-------------------------------------------------------------------------------

Begin forecasting for Traditional Home Visits 

Disabling daily seasonality. Run prophet with daily.seasonality=TRUE to override this.
End forecasting for Traditional Home 
-------------------------------------------------------------------------------

Begin forecasting for Southern Living Visits 

Disabling daily seasonality. Run prophet with daily.seasonality=TRUE to override this.
End forecasting for Southern Living 
-------------------------------------------------------------------------------

Begin forecasting for Real Simple Visits 

Disabling daily seasonality. Run prophet with daily.seasonality=TRUE to override this.
End forecasting for Real Simple 
-------------------------------------------------------------------------------

Begin forecasting for Rachael Ray Visits 

Disabling yearly seasonality. Run prophet with yearly.seasonality=TRUE to override this.
Disabling daily seasonality. Run prophet with daily.seasonality=TRUE to override this.
End forecasting for Rachael Ray 
-------------------------------------------------------------------------------

Begin forecasting for Shape Visits 

Disabling daily seasonality. Run prophet with daily.seasonality=TRUE to override this.
End forecasting for Shape 
-------------------------------------------------------------------------------

-------------------------------------------------------------------------------
 2019-05-31 14:51:49 > MASTER FORECAST PROCESS ENDS 

